<?xml version="1.0" encoding="UTF-8"?>
<!-- Generated by org.testng.reporters.JUnitReportReporter -->
<testsuite hostname="DESKTOP-UBHH3JU" failures="0" tests="1" name="requestchaining.Requestchaining" time="7.420" errors="0" timestamp="2023-01-11T12:38:04 IST" skipped="0">
  <testcase classname="requestchaining.Requestchaining" name="chain" time="7.420"/>
  <system-out/>
</testsuite> <!-- requestchaining.Requestchaining -->
