<?xml version="1.0" encoding="UTF-8"?>
<!-- Generated by org.testng.reporters.JUnitReportReporter -->
<testsuite hostname="DESKTOP-UBHH3JU" failures="0" tests="1" name="CrudoperationwitoutBDD.getoperation" time="5.071" errors="0" timestamp="2023-01-09T14:51:31 IST" skipped="0">
  <testcase classname="CrudoperationwitoutBDD.getoperation" name="get" time="5.071"/>
  <system-out/>
</testsuite> <!-- CrudoperationwitoutBDD.getoperation -->
