<?xml version="1.0" encoding="UTF-8"?>
<!-- Generated by org.testng.reporters.JUnitReportReporter -->
<testsuite hostname="DESKTOP-UBHH3JU" failures="0" tests="1" name="differentwaystopostrequest.PostwithJsonFile" time="4.071" errors="0" timestamp="2023-01-10T12:48:43 IST" skipped="0">
  <testcase classname="differentwaystopostrequest.PostwithJsonFile" name="jsonfile" time="4.071"/>
  <system-out/>
</testsuite> <!-- differentwaystopostrequest.PostwithJsonFile -->
