<?xml version="1.0" encoding="UTF-8"?>
<!-- Generated by org.testng.reporters.JUnitReportReporter -->
<testsuite hostname="DESKTOP-UBHH3JU" failures="0" tests="1" name="differentwaystopostrequest.POstwithjsonobject" time="3.605" errors="0" timestamp="2023-01-10T12:39:13 IST" skipped="0">
  <testcase classname="differentwaystopostrequest.POstwithjsonobject" name="json" time="3.605"/>
  <system-out/>
</testsuite> <!-- differentwaystopostrequest.POstwithjsonobject -->
