<?xml version="1.0" encoding="UTF-8"?>
<!-- Generated by org.testng.reporters.JUnitReportReporter -->
<testsuite hostname="DESKTOP-UBHH3JU" failures="0" tests="1" name="CRUDwithBDD.put" time="5.991" errors="0" timestamp="2023-01-09T17:08:51 IST" skipped="0">
  <testcase classname="CRUDwithBDD.put" name="updatedata" time="5.991"/>
  <system-out/>
</testsuite> <!-- CRUDwithBDD.put -->
