<?xml version="1.0" encoding="UTF-8"?>
<!-- Generated by org.testng.reporters.JUnitReportReporter -->
<testsuite hostname="DESKTOP-UBHH3JU" failures="0" tests="1" name="CrudoperationwitoutBDD.putoperation" time="4.005" errors="0" timestamp="2023-01-09T14:47:16 IST" skipped="0">
  <testcase classname="CrudoperationwitoutBDD.putoperation" name="post" time="4.005"/>
  <system-out/>
</testsuite> <!-- CrudoperationwitoutBDD.putoperation -->
