<?xml version="1.0" encoding="UTF-8"?>
<!-- Generated by org.testng.reporters.JUnitReportReporter -->
<testsuite hostname="DESKTOP-UBHH3JU" failures="0" tests="1" name="authorization.auth20" time="8.735" errors="0" timestamp="2023-01-12T10:18:01 IST" skipped="0">
  <testcase classname="authorization.auth20" name="oauthAuthentication" time="8.735"/>
  <system-out/>
</testsuite> <!-- authorization.auth20 -->
