<?xml version="1.0" encoding="UTF-8"?>
<!-- Generated by org.testng.reporters.JUnitReportReporter -->
<testsuite hostname="DESKTOP-UBHH3JU" failures="0" tests="1" name="CRUDwithBDD.delete" time="5.085" errors="0" timestamp="2023-01-09T17:12:03 IST" skipped="0">
  <testcase classname="CRUDwithBDD.delete" name="deletetheproject" time="5.085"/>
  <system-out/>
</testsuite> <!-- CRUDwithBDD.delete -->
