<?xml version="1.0" encoding="UTF-8"?>
<!-- Generated by org.testng.reporters.JUnitReportReporter -->
<testsuite hostname="DESKTOP-UBHH3JU" failures="0" tests="1" name="differentwaystopostrequest.pojo" time="3.468" errors="0" timestamp="2023-01-10T12:33:57 IST" skipped="0">
  <testcase classname="differentwaystopostrequest.pojo" name="createpojo" time="3.468"/>
  <system-out/>
</testsuite> <!-- differentwaystopostrequest.pojo -->
