<?xml version="1.0" encoding="UTF-8"?>
<!-- Generated by org.testng.reporters.JUnitReportReporter -->
<testsuite hostname="DESKTOP-UBHH3JU" failures="0" tests="1" name="CrudoperationwitoutBDD.postoperation" time="3.683" errors="0" timestamp="2023-01-09T15:46:54 IST" skipped="0">
  <testcase classname="CrudoperationwitoutBDD.postoperation" name="post" time="3.683"/>
  <system-out/>
</testsuite> <!-- CrudoperationwitoutBDD.postoperation -->
