<?xml version="1.0" encoding="UTF-8"?>
<!-- Generated by org.testng.reporters.JUnitReportReporter -->
<testsuite hostname="DESKTOP-UBHH3JU" failures="0" tests="1" name="parameters.pathparameter" time="3.898" errors="0" timestamp="2023-01-10T17:49:30 IST" skipped="0">
  <testcase classname="parameters.pathparameter" name="path" time="3.898"/>
  <system-out/>
</testsuite> <!-- parameters.pathparameter -->
