<?xml version="1.0" encoding="UTF-8"?>
<!-- Generated by org.testng.reporters.JUnitReportReporter -->
<testsuite hostname="DESKTOP-UBHH3JU" failures="0" tests="1" name="validation.dynamicvalidation1" time="7.289" errors="0" timestamp="2023-01-10T16:18:18 IST" skipped="0">
  <testcase classname="validation.dynamicvalidation1" name="dynamic" time="7.289"/>
  <system-out/>
</testsuite> <!-- validation.dynamicvalidation1 -->
