<?xml version="1.0" encoding="UTF-8"?>
<!-- Generated by org.testng.reporters.JUnitReportReporter -->
<testsuite hostname="DESKTOP-UBHH3JU" failures="0" tests="1" name="authorization.barertoken" time="9.327" errors="0" timestamp="2023-01-11T15:57:51 IST" skipped="0">
  <testcase classname="authorization.barertoken" name="token" time="9.327"/>
  <system-out/>
</testsuite> <!-- authorization.barertoken -->
