<?xml version="1.0" encoding="UTF-8"?>
<!-- Generated by org.testng.reporters.JUnitReportReporter -->
<testsuite hostname="DESKTOP-UBHH3JU" failures="0" tests="1" name="validation.Staticvalidation" time="8.494" errors="0" timestamp="2023-01-10T16:17:55 IST" skipped="0">
  <testcase classname="validation.Staticvalidation" name="dynamic" time="8.494"/>
  <system-out/>
</testsuite> <!-- validation.Staticvalidation -->
