<?xml version="1.0" encoding="UTF-8"?>
<!-- Generated by org.testng.reporters.JUnitReportReporter -->
<testsuite hostname="DESKTOP-UBHH3JU" failures="0" tests="1" name="CRUDwithBDD.post" time="5.390" errors="0" timestamp="2023-01-09T15:48:58 IST" skipped="0">
  <testcase classname="CRUDwithBDD.post" name="createProjct" time="5.390"/>
  <system-out/>
</testsuite> <!-- CRUDwithBDD.post -->
