<?xml version="1.0" encoding="UTF-8"?>
<!-- Generated by org.testng.reporters.JUnitReportReporter -->
<testsuite hostname="DESKTOP-UBHH3JU" failures="0" tests="1" name="CRUDwithBDD.get" time="17.364" errors="0" timestamp="2023-01-10T15:51:07 IST" skipped="0">
  <testcase classname="CRUDwithBDD.get" name="getoperation" time="17.364"/>
  <system-out/>
</testsuite> <!-- CRUDwithBDD.get -->
